<?xml version="1.0" encoding="UTF-8"?>
<testsuite xmlns:xsi="http://www.w3.org/2001/XMLSchema-instance" xsi:noNamespaceSchemaLocation="https://maven.apache.org/surefire/maven-surefire-plugin/xsd/surefire-test-report.xsd" name="com.TestCalculatorService" time="19.663" tests="4" errors="0" skipped="0" failures="0">
  <properties>
[...]
</properties>
  <testcase name="testSum" classname="com.TestCalculatorService" time="1.36"/>
  <testcase name="testSubstraction" classname="com.TestCalculatorService" time="0.002"/>
  <testcase name="testDivision" classname="com.TestCalculatorService" time="0.003"/>
  <testcase name="testMultiply" classname="com.TestCalculatorService" time="0.003"/>
</testsuite>